<?xml version="1.0" encoding="UTF-8"?>
<!-- Generated by org.testng.reporters.JUnitXMLReporter -->
<testsuite ignored="0" hostname="LAPTOP-T22UOKH9" failures="0" tests="3" name="Default test" time="85.267" errors="0" timestamp="2024-06-19T01:13:31 IST">
  <testcase classname="Tests.logintest" name="logintest" time="24.649"/>
  <testcase classname="Tests.logintest" name="MealPlanner" time="45.54"/>
  <testcase classname="Tests.logintest" name="SearchLeftOver" time="9.59"/>
</testsuite> <!-- Default test -->
