<?xml version="1.0" encoding="UTF-8"?>
<testng-results ignored="0" total="3" passed="3" failed="0" skipped="0">
  <reporter-output>
  </reporter-output>
  <suite started-at="2024-06-19T01:12:05 IST" name="Default suite" finished-at="2024-06-19T01:13:31 IST" duration-ms="85267">
    <groups>
    </groups>
    <test started-at="2024-06-19T01:12:05 IST" name="Default test" finished-at="2024-06-19T01:13:31 IST" duration-ms="85267">
      <class name="Tests.logintest">
        <test-method is-config="true" signature="setUp()[pri:0, instance:Tests.logintest@15043a2f]" started-at="2024-06-19T01:12:05 IST" name="setUp" finished-at="2024-06-19T01:12:10 IST" duration-ms="4839" status="PASS">
          <reporter-output>
          </reporter-output>
        </test-method> <!-- setUp -->
        <test-method signature="logintest()[pri:1, instance:Tests.logintest@15043a2f]" started-at="2024-06-19T01:12:10 IST" name="logintest" finished-at="2024-06-19T01:12:35 IST" duration-ms="24649" status="PASS">
          <reporter-output>
          </reporter-output>
        </test-method> <!-- logintest -->
        <test-method signature="MealPlanner()[pri:2, instance:Tests.logintest@15043a2f]" started-at="2024-06-19T01:12:35 IST" name="MealPlanner" finished-at="2024-06-19T01:13:20 IST" duration-ms="45540" status="PASS">
          <reporter-output>
          </reporter-output>
        </test-method> <!-- MealPlanner -->
        <test-method signature="SearchLeftOver()[pri:3, instance:Tests.logintest@15043a2f]" started-at="2024-06-19T01:13:20 IST" name="SearchLeftOver" finished-at="2024-06-19T01:13:30 IST" duration-ms="9590" status="PASS">
          <reporter-output>
          </reporter-output>
        </test-method> <!-- SearchLeftOver -->
        <test-method is-config="true" signature="teardown()[pri:0, instance:Tests.logintest@15043a2f]" started-at="2024-06-19T01:13:30 IST" name="teardown" finished-at="2024-06-19T01:13:31 IST" duration-ms="534" status="PASS">
          <reporter-output>
          </reporter-output>
        </test-method> <!-- teardown -->
      </class> <!-- Tests.logintest -->
    </test> <!-- Default test -->
  </suite> <!-- Default suite -->
</testng-results>
